# JRE version: Java(TM) SE Runtime Environment (8.0_112-b16) (build 1.8.0_112-b16)
# Java VM: Java HotSpot(TM) 64-Bit Server VM (25.112-b16 mixed mode bsd-amd64 compressed oops)
Heap:
 PSYoungGen      total 28160K, used 16663K [0x0000000795580000, 0x0000000797680000, 0x00000007c0000000)
  eden space 27648K, 58% used [0x0000000795580000,0x000000079654dd70,0x0000000797080000)
  from space 512K, 93% used [0x0000000797100000,0x0000000797178000,0x0000000797180000)
  to   space 3072K, 0% used [0x0000000797380000,0x0000000797380000,0x0000000797680000)
 ParOldGen       total 87552K, used 1559K [0x0000000740000000, 0x0000000745580000, 0x0000000795580000)
  object space 87552K, 1% used [0x0000000740000000,0x0000000740185f40,0x0000000745580000)
 Metaspace       used 7492K, capacity 7603K, committed 7808K, reserved 1056768K
  class space    used 752K, capacity 824K, committed 896K, reserved 1048576K
GC Heap History (10 events):
Event: 6.594 GC heap before
{Heap before GC invocations=11 (full 0):
 PSYoungGen      total 32768K, used 30688K [0x0000000795580000, 0x0000000797900000, 0x00000007c0000000)
  eden space 30208K, 100% used [0x0000000795580000,0x0000000797300000,0x0000000797300000)
  from space 2560K, 18% used [0x0000000797680000,0x00000007976f8000,0x0000000797900000)
  to   space 3072K, 0% used [0x0000000797300000,0x0000000797300000,0x0000000797600000)
 ParOldGen       total 87552K, used 1511K [0x0000000740000000, 0x0000000745580000, 0x0000000795580000)
  object space 87552K, 1% used [0x0000000740000000,0x0000000740179f40,0x0000000745580000)
 Metaspace       used 7486K, capacity 7603K, committed 7808K, reserved 1056768K
  class space    used 751K, capacity 824K, committed 896K, reserved 1048576K
Event: 6.596 GC heap after
Heap after GC invocations=11 (full 0):
 PSYoungGen      total 30208K, used 448K [0x0000000795580000, 0x0000000797880000, 0x00000007c0000000)
  eden space 29696K, 0% used [0x0000000795580000,0x0000000795580000,0x0000000797280000)
  from space 512K, 87% used [0x0000000797300000,0x0000000797370000,0x0000000797380000)
  to   space 3072K, 0% used [0x0000000797580000,0x0000000797580000,0x0000000797880000)
 ParOldGen       total 87552K, used 1519K [0x0000000740000000, 0x0000000745580000, 0x0000000795580000)
  object space 87552K, 1% used [0x0000000740000000,0x000000074017bf40,0x0000000745580000)
 Metaspace       used 7486K, capacity 7603K, committed 7808K, reserved 1056768K
  class space    used 751K, capacity 824K, committed 896K, reserved 1048576K
}
Event: 6.785 GC heap before
{Heap before GC invocations=12 (full 0):
 PSYoungGen      total 30208K, used 30144K [0x0000000795580000, 0x0000000797880000, 0x00000007c0000000)
  eden space 29696K, 100% used [0x0000000795580000,0x0000000797280000,0x0000000797280000)
  from space 512K, 87% used [0x0000000797300000,0x0000000797370000,0x0000000797380000)
  to   space 3072K, 0% used [0x0000000797580000,0x0000000797580000,0x0000000797880000)
 ParOldGen       total 87552K, used 1519K [0x0000000740000000, 0x0000000745580000, 0x0000000795580000)
  object space 87552K, 1% used [0x0000000740000000,0x000000074017bf40,0x0000000745580000)
 Metaspace       used 7486K, capacity 7603K, committed 7808K, reserved 1056768K
  class space    used 751K, capacity 824K, committed 896K, reserved 1048576K
Event: 6.786 GC heap after
Heap after GC invocations=12 (full 0):
 PSYoungGen      total 31744K, used 480K [0x0000000795580000, 0x0000000797800000, 0x00000007c0000000)
  eden space 29184K, 0% used [0x0000000795580000,0x0000000795580000,0x0000000797200000)
  from space 2560K, 18% used [0x0000000797580000,0x00000007975f8000,0x0000000797800000)
  to   space 3072K, 0% used [0x0000000797200000,0x0000000797200000,0x0000000797500000)
 ParOldGen       total 87552K, used 1519K [0x0000000740000000, 0x0000000745580000, 0x0000000795580000)
  object space 87552K, 1% used [0x0000000740000000,0x000000074017bf40,0x0000000745580000)
 Metaspace       used 7486K, capacity 7603K, committed 7808K, reserved 1056768K
  class space    used 751K, capacity 824K, committed 896K, reserved 1048576K
}
Event: 6.960 GC heap before
{Heap before GC invocations=13 (full 0):
 PSYoungGen      total 31744K, used 29664K [0x0000000795580000, 0x0000000797800000, 0x00000007c0000000)
  eden space 29184K, 100% used [0x0000000795580000,0x0000000797200000,0x0000000797200000)
  from space 2560K, 18% used [0x0000000797580000,0x00000007975f8000,0x0000000797800000)
  to   space 3072K, 0% used [0x0000000797200000,0x0000000797200000,0x0000000797500000)
 ParOldGen       total 87552K, used 1519K [0x0000000740000000, 0x0000000745580000, 0x0000000795580000)
  object space 87552K, 1% used [0x0000000740000000,0x000000074017bf40,0x0000000745580000)
 Metaspace       used 7486K, capacity 7603K, committed 7808K, reserved 1056768K
  class space    used 751K, capacity 824K, committed 896K, reserved 1048576K
Event: 6.961 GC heap after
Heap after GC invocations=13 (full 0):
 PSYoungGen      total 29184K, used 480K [0x0000000795580000, 0x0000000797780000, 0x00000007c0000000)
  eden space 28672K, 0% used [0x0000000795580000,0x0000000795580000,0x0000000797180000)
  from space 512K, 93% used [0x0000000797200000,0x0000000797278000,0x0000000797280000)
  to   space 3072K, 0% used [0x0000000797480000,0x0000000797480000,0x0000000797780000)
 ParOldGen       total 87552K, used 1535K [0x0000000740000000, 0x0000000745580000, 0x0000000795580000)
  object space 87552K, 1% used [0x0000000740000000,0x000000074017ff40,0x0000000745580000)
 Metaspace       used 7486K, capacity 7603K, committed 7808K, reserved 1056768K
  class space    used 751K, capacity 824K, committed 896K, reserved 1048576K
}
Event: 7.155 GC heap before
{Heap before GC invocations=14 (full 0):
 PSYoungGen      total 29184K, used 29152K [0x0000000795580000, 0x0000000797780000, 0x00000007c0000000)
  eden space 28672K, 100% used [0x0000000795580000,0x0000000797180000,0x0000000797180000)
  from space 512K, 93% used [0x0000000797200000,0x0000000797278000,0x0000000797280000)
  to   space 3072K, 0% used [0x0000000797480000,0x0000000797480000,0x0000000797780000)
 ParOldGen       total 87552K, used 1535K [0x0000000740000000, 0x0000000745580000, 0x0000000795580000)
  object space 87552K, 1% used [0x0000000740000000,0x000000074017ff40,0x0000000745580000)
 Metaspace       used 7486K, capacity 7603K, committed 7808K, reserved 1056768K
  class space    used 751K, capacity 824K, committed 896K, reserved 1048576K
Event: 7.156 GC heap after
Heap after GC invocations=14 (full 0):
 PSYoungGen      total 30720K, used 448K [0x0000000795580000, 0x0000000797700000, 0x00000007c0000000)
  eden space 28160K, 0% used [0x0000000795580000,0x0000000795580000,0x0000000797100000)
  from space 2560K, 17% used [0x0000000797480000,0x00000007974f0000,0x0000000797700000)
  to   space 3072K, 0% used [0x0000000797100000,0x0000000797100000,0x0000000797400000)
 ParOldGen       total 87552K, used 1551K [0x0000000740000000, 0x0000000745580000, 0x0000000795580000)
  object space 87552K, 1% used [0x0000000740000000,0x0000000740183f40,0x0000000745580000)
 Metaspace       used 7486K, capacity 7603K, committed 7808K, reserved 1056768K
  class space    used 751K, capacity 824K, committed 896K, reserved 1048576K
}
Event: 7.364 GC heap before
{Heap before GC invocations=15 (full 0):
 PSYoungGen      total 30720K, used 28608K [0x0000000795580000, 0x0000000797700000, 0x00000007c0000000)
  eden space 28160K, 100% used [0x0000000795580000,0x0000000797100000,0x0000000797100000)
  from space 2560K, 17% used [0x0000000797480000,0x00000007974f0000,0x0000000797700000)
  to   space 3072K, 0% used [0x0000000797100000,0x0000000797100000,0x0000000797400000)
 ParOldGen       total 87552K, used 1551K [0x0000000740000000, 0x0000000745580000, 0x0000000795580000)
  object space 87552K, 1% used [0x0000000740000000,0x0000000740183f40,0x0000000745580000)
 Metaspace       used 7486K, capacity 7603K, committed 7808K, reserved 1056768K
  class space    used 751K, capacity 824K, committed 896K, reserved 1048576K
Event: 7.366 GC heap after
Heap after GC invocations=15 (full 0):
 PSYoungGen      total 28160K, used 480K [0x0000000795580000, 0x0000000797680000, 0x00000007c0000000)
  eden space 27648K, 0% used [0x0000000795580000,0x0000000795580000,0x0000000797080000)
  from space 512K, 93% used [0x0000000797100000,0x0000000797178000,0x0000000797180000)
  to   space 3072K, 0% used [0x0000000797380000,0x0000000797380000,0x0000000797680000)
 ParOldGen       total 87552K, used 1559K [0x0000000740000000, 0x0000000745580000, 0x0000000795580000)
  object space 87552K, 1% used [0x0000000740000000,0x0000000740185f40,0x0000000745580000)
 Metaspace       used 7486K, capacity 7603K, committed 7808K, reserved 1056768K
  class space    used 751K, capacity 824K, committed 896K, reserved 1048576K
}

