# JRE version: Java(TM) SE Runtime Environment (8.0_112-b16) (build 1.8.0_112-b16)
# Java VM: Java HotSpot(TM) 64-Bit Server VM (25.112-b16 mixed mode bsd-amd64 compressed oops)
Heap:
 PSYoungGen      total 33280K, used 30809K [0x0000000795580000, 0x0000000797a00000, 0x00000007c0000000)
  eden space 30208K, 99% used [0x0000000795580000,0x00000007972fe6b0,0x0000000797300000)
  from space 3072K, 19% used [0x0000000797700000,0x0000000797798000,0x0000000797a00000)
  to   space 3584K, 0% used [0x0000000797300000,0x0000000797300000,0x0000000797680000)
 ParOldGen       total 87552K, used 1818K [0x0000000740000000, 0x0000000745580000, 0x0000000795580000)
  object space 87552K, 2% used [0x0000000740000000,0x00000007401c6b98,0x0000000745580000)
 Metaspace       used 9775K, capacity 9929K, committed 10112K, reserved 1058816K
  class space    used 1027K, capacity 1085K, committed 1152K, reserved 1048576K
GC Heap History (10 events):
Event: 6.409 GC heap before
{Heap before GC invocations=6 (full 0):
 PSYoungGen      total 35328K, used 35128K [0x0000000795580000, 0x0000000797b80000, 0x00000007c0000000)
  eden space 32768K, 100% used [0x0000000795580000,0x0000000797580000,0x0000000797580000)
  from space 2560K, 92% used [0x0000000797600000,0x000000079784e158,0x0000000797880000)
  to   space 3072K, 0% used [0x0000000797880000,0x0000000797880000,0x0000000797b80000)
 ParOldGen       total 87552K, used 32K [0x0000000740000000, 0x0000000745580000, 0x0000000795580000)
  object space 87552K, 0% used [0x0000000740000000,0x0000000740008000,0x0000000745580000)
 Metaspace       used 9763K, capacity 9929K, committed 10112K, reserved 1058816K
  class space    used 1027K, capacity 1085K, committed 1152K, reserved 1048576K
Event: 6.413 GC heap after
Heap after GC invocations=6 (full 0):
 PSYoungGen      total 34816K, used 2376K [0x0000000795580000, 0x0000000797b00000, 0x00000007c0000000)
  eden space 32256K, 0% used [0x0000000795580000,0x0000000795580000,0x0000000797500000)
  from space 2560K, 92% used [0x0000000797880000,0x0000000797ad2168,0x0000000797b00000)
  to   space 3072K, 0% used [0x0000000797500000,0x0000000797500000,0x0000000797800000)
 ParOldGen       total 87552K, used 40K [0x0000000740000000, 0x0000000745580000, 0x0000000795580000)
  object space 87552K, 0% used [0x0000000740000000,0x000000074000a000,0x0000000745580000)
 Metaspace       used 9763K, capacity 9929K, committed 10112K, reserved 1058816K
  class space    used 1027K, capacity 1085K, committed 1152K, reserved 1048576K
}
Event: 7.234 GC heap before
{Heap before GC invocations=7 (full 0):
 PSYoungGen      total 34816K, used 34632K [0x0000000795580000, 0x0000000797b00000, 0x00000007c0000000)
  eden space 32256K, 100% used [0x0000000795580000,0x0000000797500000,0x0000000797500000)
  from space 2560K, 92% used [0x0000000797880000,0x0000000797ad2168,0x0000000797b00000)
  to   space 3072K, 0% used [0x0000000797500000,0x0000000797500000,0x0000000797800000)
 ParOldGen       total 87552K, used 40K [0x0000000740000000, 0x0000000745580000, 0x0000000795580000)
  object space 87552K, 0% used [0x0000000740000000,0x000000074000a000,0x0000000745580000)
 Metaspace       used 9763K, capacity 9929K, committed 10112K, reserved 1058816K
  class space    used 1027K, capacity 1085K, committed 1152K, reserved 1048576K
Event: 7.238 GC heap after
Heap after GC invocations=7 (full 0):
 PSYoungGen      total 34816K, used 672K [0x0000000795580000, 0x0000000797b80000, 0x00000007c0000000)
  eden space 31744K, 0% used [0x0000000795580000,0x0000000795580000,0x0000000797480000)
  from space 3072K, 21% used [0x0000000797500000,0x00000007975a8000,0x0000000797800000)
  to   space 3584K, 0% used [0x0000000797800000,0x0000000797800000,0x0000000797b80000)
 ParOldGen       total 87552K, used 1770K [0x0000000740000000, 0x0000000745580000, 0x0000000795580000)
  object space 87552K, 2% used [0x0000000740000000,0x00000007401bab98,0x0000000745580000)
 Metaspace       used 9763K, capacity 9929K, committed 10112K, reserved 1058816K
  class space    used 1027K, capacity 1085K, committed 1152K, reserved 1048576K
}
Event: 8.050 GC heap before
{Heap before GC invocations=8 (full 0):
 PSYoungGen      total 34816K, used 32416K [0x0000000795580000, 0x0000000797b80000, 0x00000007c0000000)
  eden space 31744K, 100% used [0x0000000795580000,0x0000000797480000,0x0000000797480000)
  from space 3072K, 21% used [0x0000000797500000,0x00000007975a8000,0x0000000797800000)
  to   space 3584K, 0% used [0x0000000797800000,0x0000000797800000,0x0000000797b80000)
 ParOldGen       total 87552K, used 1770K [0x0000000740000000, 0x0000000745580000, 0x0000000795580000)
  object space 87552K, 2% used [0x0000000740000000,0x00000007401bab98,0x0000000745580000)
 Metaspace       used 9763K, capacity 9929K, committed 10112K, reserved 1058816K
  class space    used 1027K, capacity 1085K, committed 1152K, reserved 1048576K
Event: 8.052 GC heap after
Heap after GC invocations=8 (full 0):
 PSYoungGen      total 34304K, used 608K [0x0000000795580000, 0x0000000797b00000, 0x00000007c0000000)
  eden space 31232K, 0% used [0x0000000795580000,0x0000000795580000,0x0000000797400000)
  from space 3072K, 19% used [0x0000000797800000,0x0000000797898000,0x0000000797b00000)
  to   space 3584K, 0% used [0x0000000797400000,0x0000000797400000,0x0000000797780000)
 ParOldGen       total 87552K, used 1786K [0x0000000740000000, 0x0000000745580000, 0x0000000795580000)
  object space 87552K, 2% used [0x0000000740000000,0x00000007401beb98,0x0000000745580000)
 Metaspace       used 9763K, capacity 9929K, committed 10112K, reserved 1058816K
  class space    used 1027K, capacity 1085K, committed 1152K, reserved 1048576K
}
Event: 8.844 GC heap before
{Heap before GC invocations=9 (full 0):
 PSYoungGen      total 34304K, used 31840K [0x0000000795580000, 0x0000000797b00000, 0x00000007c0000000)
  eden space 31232K, 100% used [0x0000000795580000,0x0000000797400000,0x0000000797400000)
  from space 3072K, 19% used [0x0000000797800000,0x0000000797898000,0x0000000797b00000)
  to   space 3584K, 0% used [0x0000000797400000,0x0000000797400000,0x0000000797780000)
 ParOldGen       total 87552K, used 1786K [0x0000000740000000, 0x0000000745580000, 0x0000000795580000)
  object space 87552K, 2% used [0x0000000740000000,0x00000007401beb98,0x0000000745580000)
 Metaspace       used 9763K, capacity 9929K, committed 10112K, reserved 1058816K
  class space    used 1027K, capacity 1085K, committed 1152K, reserved 1048576K
Event: 8.846 GC heap after
Heap after GC invocations=9 (full 0):
 PSYoungGen      total 31744K, used 608K [0x0000000795580000, 0x0000000797a80000, 0x00000007c0000000)
  eden space 30720K, 0% used [0x0000000795580000,0x0000000795580000,0x0000000797380000)
  from space 1024K, 59% used [0x0000000797400000,0x0000000797498000,0x0000000797500000)
  to   space 3584K, 0% used [0x0000000797700000,0x0000000797700000,0x0000000797a80000)
 ParOldGen       total 87552K, used 1802K [0x0000000740000000, 0x0000000745580000, 0x0000000795580000)
  object space 87552K, 2% used [0x0000000740000000,0x00000007401c2b98,0x0000000745580000)
 Metaspace       used 9763K, capacity 9929K, committed 10112K, reserved 1058816K
  class space    used 1027K, capacity 1085K, committed 1152K, reserved 1048576K
}
Event: 9.626 GC heap before
{Heap before GC invocations=10 (full 0):
 PSYoungGen      total 31744K, used 31328K [0x0000000795580000, 0x0000000797a80000, 0x00000007c0000000)
  eden space 30720K, 100% used [0x0000000795580000,0x0000000797380000,0x0000000797380000)
  from space 1024K, 59% used [0x0000000797400000,0x0000000797498000,0x0000000797500000)
  to   space 3584K, 0% used [0x0000000797700000,0x0000000797700000,0x0000000797a80000)
 ParOldGen       total 87552K, used 1802K [0x0000000740000000, 0x0000000745580000, 0x0000000795580000)
  object space 87552K, 2% used [0x0000000740000000,0x00000007401c2b98,0x0000000745580000)
 Metaspace       used 9767K, capacity 9929K, committed 10112K, reserved 1058816K
  class space    used 1027K, capacity 1085K, committed 1152K, reserved 1048576K
Event: 9.628 GC heap after
Heap after GC invocations=10 (full 0):
 PSYoungGen      total 33280K, used 608K [0x0000000795580000, 0x0000000797a00000, 0x00000007c0000000)
  eden space 30208K, 0% used [0x0000000795580000,0x0000000795580000,0x0000000797300000)
  from space 3072K, 19% used [0x0000000797700000,0x0000000797798000,0x0000000797a00000)
  to   space 3584K, 0% used [0x0000000797300000,0x0000000797300000,0x0000000797680000)
 ParOldGen       total 87552K, used 1818K [0x0000000740000000, 0x0000000745580000, 0x0000000795580000)
  object space 87552K, 2% used [0x0000000740000000,0x00000007401c6b98,0x0000000745580000)
 Metaspace       used 9767K, capacity 9929K, committed 10112K, reserved 1058816K
  class space    used 1027K, capacity 1085K, committed 1152K, reserved 1048576K
}

