# JRE version: Java(TM) SE Runtime Environment (8.0_112-b16) (build 1.8.0_112-b16)
# Java VM: Java HotSpot(TM) 64-Bit Server VM (25.112-b16 mixed mode bsd-amd64 compressed oops)
Heap:
 PSYoungGen      total 24576K, used 9227K [0x0000000795580000, 0x0000000797780000, 0x00000007c0000000)
  eden space 24064K, 36% used [0x0000000795580000,0x0000000795e1ae50,0x0000000796d00000)
  from space 512K, 81% used [0x0000000797700000,0x0000000797768000,0x0000000797780000)
  to   space 512K, 0% used [0x0000000797680000,0x0000000797680000,0x0000000797700000)
 ParOldGen       total 87552K, used 2798K [0x0000000740000000, 0x0000000745580000, 0x0000000795580000)
  object space 87552K, 3% used [0x0000000740000000,0x00000007402bbac8,0x0000000745580000)
 Metaspace       used 7505K, capacity 7679K, committed 7808K, reserved 1056768K
  class space    used 756K, capacity 824K, committed 896K, reserved 1048576K
GC Heap History (10 events):
Event: 24.276 GC heap before
{Heap before GC invocations=124 (full 0):
 PSYoungGen      total 24576K, used 24480K [0x0000000795580000, 0x0000000797780000, 0x00000007c0000000)
  eden space 24064K, 100% used [0x0000000795580000,0x0000000796d00000,0x0000000796d00000)
  from space 512K, 81% used [0x0000000797680000,0x00000007976e8000,0x0000000797700000)
  to   space 512K, 0% used [0x0000000797700000,0x0000000797700000,0x0000000797780000)
 ParOldGen       total 87552K, used 2750K [0x0000000740000000, 0x0000000745580000, 0x0000000795580000)
  object space 87552K, 3% used [0x0000000740000000,0x00000007402afac8,0x0000000745580000)
 Metaspace       used 7499K, capacity 7679K, committed 7808K, reserved 1056768K
  class space    used 755K, capacity 824K, committed 896K, reserved 1048576K
Event: 24.278 GC heap after
Heap after GC invocations=124 (full 0):
 PSYoungGen      total 24576K, used 384K [0x0000000795580000, 0x0000000797780000, 0x00000007c0000000)
  eden space 24064K, 0% used [0x0000000795580000,0x0000000795580000,0x0000000796d00000)
  from space 512K, 75% used [0x0000000797700000,0x0000000797760000,0x0000000797780000)
  to   space 512K, 0% used [0x0000000797680000,0x0000000797680000,0x0000000797700000)
 ParOldGen       total 87552K, used 2766K [0x0000000740000000, 0x0000000745580000, 0x0000000795580000)
  object space 87552K, 3% used [0x0000000740000000,0x00000007402b3ac8,0x0000000745580000)
 Metaspace       used 7499K, capacity 7679K, committed 7808K, reserved 1056768K
  class space    used 755K, capacity 824K, committed 896K, reserved 1048576K
}
Event: 24.465 GC heap before
{Heap before GC invocations=125 (full 0):
 PSYoungGen      total 24576K, used 24448K [0x0000000795580000, 0x0000000797780000, 0x00000007c0000000)
  eden space 24064K, 100% used [0x0000000795580000,0x0000000796d00000,0x0000000796d00000)
  from space 512K, 75% used [0x0000000797700000,0x0000000797760000,0x0000000797780000)
  to   space 512K, 0% used [0x0000000797680000,0x0000000797680000,0x0000000797700000)
 ParOldGen       total 87552K, used 2766K [0x0000000740000000, 0x0000000745580000, 0x0000000795580000)
  object space 87552K, 3% used [0x0000000740000000,0x00000007402b3ac8,0x0000000745580000)
 Metaspace       used 7499K, capacity 7679K, committed 7808K, reserved 1056768K
  class space    used 755K, capacity 824K, committed 896K, reserved 1048576K
Event: 24.466 GC heap after
Heap after GC invocations=125 (full 0):
 PSYoungGen      total 24576K, used 384K [0x0000000795580000, 0x0000000797780000, 0x00000007c0000000)
  eden space 24064K, 0% used [0x0000000795580000,0x0000000795580000,0x0000000796d00000)
  from space 512K, 75% used [0x0000000797680000,0x00000007976e0000,0x0000000797700000)
  to   space 512K, 0% used [0x0000000797700000,0x0000000797700000,0x0000000797780000)
 ParOldGen       total 87552K, used 2782K [0x0000000740000000, 0x0000000745580000, 0x0000000795580000)
  object space 87552K, 3% used [0x0000000740000000,0x00000007402b7ac8,0x0000000745580000)
 Metaspace       used 7499K, capacity 7679K, committed 7808K, reserved 1056768K
  class space    used 755K, capacity 824K, committed 896K, reserved 1048576K
}
Event: 24.660 GC heap before
{Heap before GC invocations=126 (full 0):
 PSYoungGen      total 24576K, used 24448K [0x0000000795580000, 0x0000000797780000, 0x00000007c0000000)
  eden space 24064K, 100% used [0x0000000795580000,0x0000000796d00000,0x0000000796d00000)
  from space 512K, 75% used [0x0000000797680000,0x00000007976e0000,0x0000000797700000)
  to   space 512K, 0% used [0x0000000797700000,0x0000000797700000,0x0000000797780000)
 ParOldGen       total 87552K, used 2782K [0x0000000740000000, 0x0000000745580000, 0x0000000795580000)
  object space 87552K, 3% used [0x0000000740000000,0x00000007402b7ac8,0x0000000745580000)
 Metaspace       used 7499K, capacity 7679K, committed 7808K, reserved 1056768K
  class space    used 755K, capacity 824K, committed 896K, reserved 1048576K
Event: 24.662 GC heap after
Heap after GC invocations=126 (full 0):
 PSYoungGen      total 24576K, used 352K [0x0000000795580000, 0x0000000797780000, 0x00000007c0000000)
  eden space 24064K, 0% used [0x0000000795580000,0x0000000795580000,0x0000000796d00000)
  from space 512K, 68% used [0x0000000797700000,0x0000000797758000,0x0000000797780000)
  to   space 512K, 0% used [0x0000000797680000,0x0000000797680000,0x0000000797700000)
 ParOldGen       total 87552K, used 2798K [0x0000000740000000, 0x0000000745580000, 0x0000000795580000)
  object space 87552K, 3% used [0x0000000740000000,0x00000007402bbac8,0x0000000745580000)
 Metaspace       used 7499K, capacity 7679K, committed 7808K, reserved 1056768K
  class space    used 755K, capacity 824K, committed 896K, reserved 1048576K
}
Event: 24.858 GC heap before
{Heap before GC invocations=127 (full 0):
 PSYoungGen      total 24576K, used 24416K [0x0000000795580000, 0x0000000797780000, 0x00000007c0000000)
  eden space 24064K, 100% used [0x0000000795580000,0x0000000796d00000,0x0000000796d00000)
  from space 512K, 68% used [0x0000000797700000,0x0000000797758000,0x0000000797780000)
  to   space 512K, 0% used [0x0000000797680000,0x0000000797680000,0x0000000797700000)
 ParOldGen       total 87552K, used 2798K [0x0000000740000000, 0x0000000745580000, 0x0000000795580000)
  object space 87552K, 3% used [0x0000000740000000,0x00000007402bbac8,0x0000000745580000)
 Metaspace       used 7499K, capacity 7679K, committed 7808K, reserved 1056768K
  class space    used 755K, capacity 824K, committed 896K, reserved 1048576K
Event: 24.859 GC heap after
Heap after GC invocations=127 (full 0):
 PSYoungGen      total 24576K, used 416K [0x0000000795580000, 0x0000000797780000, 0x00000007c0000000)
  eden space 24064K, 0% used [0x0000000795580000,0x0000000795580000,0x0000000796d00000)
  from space 512K, 81% used [0x0000000797680000,0x00000007976e8000,0x0000000797700000)
  to   space 512K, 0% used [0x0000000797700000,0x0000000797700000,0x0000000797780000)
 ParOldGen       total 87552K, used 2798K [0x0000000740000000, 0x0000000745580000, 0x0000000795580000)
  object space 87552K, 3% used [0x0000000740000000,0x00000007402bbac8,0x0000000745580000)
 Metaspace       used 7499K, capacity 7679K, committed 7808K, reserved 1056768K
  class space    used 755K, capacity 824K, committed 896K, reserved 1048576K
}
Event: 25.041 GC heap before
{Heap before GC invocations=128 (full 0):
 PSYoungGen      total 24576K, used 24480K [0x0000000795580000, 0x0000000797780000, 0x00000007c0000000)
  eden space 24064K, 100% used [0x0000000795580000,0x0000000796d00000,0x0000000796d00000)
  from space 512K, 81% used [0x0000000797680000,0x00000007976e8000,0x0000000797700000)
  to   space 512K, 0% used [0x0000000797700000,0x0000000797700000,0x0000000797780000)
 ParOldGen       total 87552K, used 2798K [0x0000000740000000, 0x0000000745580000, 0x0000000795580000)
  object space 87552K, 3% used [0x0000000740000000,0x00000007402bbac8,0x0000000745580000)
 Metaspace       used 7499K, capacity 7679K, committed 7808K, reserved 1056768K
  class space    used 755K, capacity 824K, committed 896K, reserved 1048576K
Event: 25.042 GC heap after
Heap after GC invocations=128 (full 0):
 PSYoungGen      total 24576K, used 416K [0x0000000795580000, 0x0000000797780000, 0x00000007c0000000)
  eden space 24064K, 0% used [0x0000000795580000,0x0000000795580000,0x0000000796d00000)
  from space 512K, 81% used [0x0000000797700000,0x0000000797768000,0x0000000797780000)
  to   space 512K, 0% used [0x0000000797680000,0x0000000797680000,0x0000000797700000)
 ParOldGen       total 87552K, used 2798K [0x0000000740000000, 0x0000000745580000, 0x0000000795580000)
  object space 87552K, 3% used [0x0000000740000000,0x00000007402bbac8,0x0000000745580000)
 Metaspace       used 7499K, capacity 7679K, committed 7808K, reserved 1056768K
  class space    used 755K, capacity 824K, committed 896K, reserved 1048576K
}

