# JRE version: Java(TM) SE Runtime Environment (8.0_112-b16) (build 1.8.0_112-b16)
# Java VM: Java HotSpot(TM) 64-Bit Server VM (25.112-b16 mixed mode bsd-amd64 compressed oops)
Heap:
 PSYoungGen      total 67584K, used 8260K [0x0000000795580000, 0x0000000799c80000, 0x00000007c0000000)
  eden space 64512K, 12% used [0x0000000795580000,0x0000000795d11160,0x0000000799480000)
  from space 3072K, 16% used [0x0000000799780000,0x0000000799800000,0x0000000799a80000)
  to   space 3072K, 0% used [0x0000000799480000,0x0000000799480000,0x0000000799780000)
 ParOldGen       total 87552K, used 1461K [0x0000000740000000, 0x0000000745580000, 0x0000000795580000)
  object space 87552K, 1% used [0x0000000740000000,0x000000074016d6e8,0x0000000745580000)
 Metaspace       used 7490K, capacity 7611K, committed 7808K, reserved 1056768K
  class space    used 751K, capacity 824K, committed 896K, reserved 1048576K
GC Heap History (10 events):
Event: 3.302 GC heap before
{Heap before GC invocations=4 (full 0):
 PSYoungGen      total 38400K, used 35200K [0x0000000795580000, 0x0000000798000000, 0x00000007c0000000)
  eden space 33280K, 100% used [0x0000000795580000,0x0000000797600000,0x0000000797600000)
  from space 5120K, 37% used [0x0000000797600000,0x00000007977e0000,0x0000000797b00000)
  to   space 5120K, 0% used [0x0000000797b00000,0x0000000797b00000,0x0000000798000000)
 ParOldGen       total 87552K, used 24K [0x0000000740000000, 0x0000000745580000, 0x0000000795580000)
  object space 87552K, 0% used [0x0000000740000000,0x0000000740006000,0x0000000745580000)
 Metaspace       used 7467K, capacity 7611K, committed 7808K, reserved 1056768K
  class space    used 751K, capacity 824K, committed 896K, reserved 1048576K
Event: 3.305 GC heap after
Heap after GC invocations=4 (full 0):
 PSYoungGen      total 38400K, used 1888K [0x0000000795580000, 0x0000000798000000, 0x00000007c0000000)
  eden space 33280K, 0% used [0x0000000795580000,0x0000000795580000,0x0000000797600000)
  from space 5120K, 36% used [0x0000000797b00000,0x0000000797cd8000,0x0000000798000000)
  to   space 5120K, 0% used [0x0000000797600000,0x0000000797600000,0x0000000797b00000)
 ParOldGen       total 87552K, used 32K [0x0000000740000000, 0x0000000745580000, 0x0000000795580000)
  object space 87552K, 0% used [0x0000000740000000,0x0000000740008000,0x0000000745580000)
 Metaspace       used 7467K, capacity 7611K, committed 7808K, reserved 1056768K
  class space    used 751K, capacity 824K, committed 896K, reserved 1048576K
}
Event: 3.534 GC heap before
{Heap before GC invocations=5 (full 0):
 PSYoungGen      total 38400K, used 35168K [0x0000000795580000, 0x0000000798000000, 0x00000007c0000000)
  eden space 33280K, 100% used [0x0000000795580000,0x0000000797600000,0x0000000797600000)
  from space 5120K, 36% used [0x0000000797b00000,0x0000000797cd8000,0x0000000798000000)
  to   space 5120K, 0% used [0x0000000797600000,0x0000000797600000,0x0000000797b00000)
 ParOldGen       total 87552K, used 32K [0x0000000740000000, 0x0000000745580000, 0x0000000795580000)
  object space 87552K, 0% used [0x0000000740000000,0x0000000740008000,0x0000000745580000)
 Metaspace       used 7483K, capacity 7611K, committed 7808K, reserved 1056768K
  class space    used 751K, capacity 824K, committed 896K, reserved 1048576K
Event: 3.537 GC heap after
Heap after GC invocations=5 (full 0):
 PSYoungGen      total 34816K, used 1920K [0x0000000795580000, 0x0000000797b80000, 0x00000007c0000000)
  eden space 32768K, 0% used [0x0000000795580000,0x0000000795580000,0x0000000797580000)
  from space 2048K, 93% used [0x0000000797600000,0x00000007977e0000,0x0000000797800000)
  to   space 2560K, 0% used [0x0000000797900000,0x0000000797900000,0x0000000797b80000)
 ParOldGen       total 87552K, used 40K [0x0000000740000000, 0x0000000745580000, 0x0000000795580000)
  object space 87552K, 0% used [0x0000000740000000,0x000000074000a000,0x0000000745580000)
 Metaspace       used 7483K, capacity 7611K, committed 7808K, reserved 1056768K
  class space    used 751K, capacity 824K, committed 896K, reserved 1048576K
}
Event: 3.763 GC heap before
{Heap before GC invocations=6 (full 0):
 PSYoungGen      total 34816K, used 34688K [0x0000000795580000, 0x0000000797b80000, 0x00000007c0000000)
  eden space 32768K, 100% used [0x0000000795580000,0x0000000797580000,0x0000000797580000)
  from space 2048K, 93% used [0x0000000797600000,0x00000007977e0000,0x0000000797800000)
  to   space 2560K, 0% used [0x0000000797900000,0x0000000797900000,0x0000000797b80000)
 ParOldGen       total 87552K, used 40K [0x0000000740000000, 0x0000000745580000, 0x0000000795580000)
  object space 87552K, 0% used [0x0000000740000000,0x000000074000a000,0x0000000745580000)
 Metaspace       used 7488K, capacity 7611K, committed 7808K, reserved 1056768K
  class space    used 751K, capacity 824K, committed 896K, reserved 1048576K
Event: 3.767 GC heap after
Heap after GC invocations=6 (full 0):
 PSYoungGen      total 34304K, used 1920K [0x0000000795580000, 0x0000000797b00000, 0x00000007c0000000)
  eden space 32256K, 0% used [0x0000000795580000,0x0000000795580000,0x0000000797500000)
  from space 2048K, 93% used [0x0000000797900000,0x0000000797ae0000,0x0000000797b00000)
  to   space 2560K, 0% used [0x0000000797600000,0x0000000797600000,0x0000000797880000)
 ParOldGen       total 87552K, used 48K [0x0000000740000000, 0x0000000745580000, 0x0000000795580000)
  object space 87552K, 0% used [0x0000000740000000,0x000000074000c000,0x0000000745580000)
 Metaspace       used 7488K, capacity 7611K, committed 7808K, reserved 1056768K
  class space    used 751K, capacity 824K, committed 896K, reserved 1048576K
}
Event: 3.985 GC heap before
{Heap before GC invocations=7 (full 0):
 PSYoungGen      total 34304K, used 34176K [0x0000000795580000, 0x0000000797b00000, 0x00000007c0000000)
  eden space 32256K, 100% used [0x0000000795580000,0x0000000797500000,0x0000000797500000)
  from space 2048K, 93% used [0x0000000797900000,0x0000000797ae0000,0x0000000797b00000)
  to   space 2560K, 0% used [0x0000000797600000,0x0000000797600000,0x0000000797880000)
 ParOldGen       total 87552K, used 48K [0x0000000740000000, 0x0000000745580000, 0x0000000795580000)
  object space 87552K, 0% used [0x0000000740000000,0x000000074000c000,0x0000000745580000)
 Metaspace       used 7489K, capacity 7611K, committed 7808K, reserved 1056768K
  class space    used 751K, capacity 824K, committed 896K, reserved 1048576K
Event: 3.989 GC heap after
Heap after GC invocations=7 (full 0):
 PSYoungGen      total 35840K, used 512K [0x0000000795580000, 0x0000000799a80000, 0x00000007c0000000)
  eden space 33280K, 0% used [0x0000000795580000,0x0000000795580000,0x0000000797600000)
  from space 2560K, 20% used [0x0000000797600000,0x0000000797680000,0x0000000797880000)
  to   space 3072K, 0% used [0x0000000799780000,0x0000000799780000,0x0000000799a80000)
 ParOldGen       total 87552K, used 1445K [0x0000000740000000, 0x0000000745580000, 0x0000000795580000)
  object space 87552K, 1% used [0x0000000740000000,0x00000007401696e8,0x0000000745580000)
 Metaspace       used 7489K, capacity 7611K, committed 7808K, reserved 1056768K
  class space    used 751K, capacity 824K, committed 896K, reserved 1048576K
}
Event: 4.210 GC heap before
{Heap before GC invocations=8 (full 0):
 PSYoungGen      total 35840K, used 33792K [0x0000000795580000, 0x0000000799a80000, 0x00000007c0000000)
  eden space 33280K, 100% used [0x0000000795580000,0x0000000797600000,0x0000000797600000)
  from space 2560K, 20% used [0x0000000797600000,0x0000000797680000,0x0000000797880000)
  to   space 3072K, 0% used [0x0000000799780000,0x0000000799780000,0x0000000799a80000)
 ParOldGen       total 87552K, used 1445K [0x0000000740000000, 0x0000000745580000, 0x0000000795580000)
  object space 87552K, 1% used [0x0000000740000000,0x00000007401696e8,0x0000000745580000)
 Metaspace       used 7489K, capacity 7611K, committed 7808K, reserved 1056768K
  class space    used 751K, capacity 824K, committed 896K, reserved 1048576K
Event: 4.212 GC heap after
Heap after GC invocations=8 (full 0):
 PSYoungGen      total 67584K, used 512K [0x0000000795580000, 0x0000000799c80000, 0x00000007c0000000)
  eden space 64512K, 0% used [0x0000000795580000,0x0000000795580000,0x0000000799480000)
  from space 3072K, 16% used [0x0000000799780000,0x0000000799800000,0x0000000799a80000)
  to   space 3072K, 0% used [0x0000000799480000,0x0000000799480000,0x0000000799780000)
 ParOldGen       total 87552K, used 1461K [0x0000000740000000, 0x0000000745580000, 0x0000000795580000)
  object space 87552K, 1% used [0x0000000740000000,0x000000074016d6e8,0x0000000745580000)
 Metaspace       used 7489K, capacity 7611K, committed 7808K, reserved 1056768K
  class space    used 751K, capacity 824K, committed 896K, reserved 1048576K
}

